JUnit version 4.13.2
.E..E....
Time: 0.015
There were 2 failures:
1) testMergeMany(TestListExamples)
java.lang.AssertionError: expected:<[ti, ti, re, re]> but was:<[ti, re, ti, re]>
	at org.junit.Assert.fail(Assert.java:89)
	at org.junit.Assert.failNotEquals(Assert.java:835)
	at org.junit.Assert.assertEquals(Assert.java:120)
	at org.junit.Assert.assertEquals(Assert.java:146)
	at TestListExamples.testMergeMany(TestListExamples.java:82)
2) testMerge(TestListExamples)
java.lang.AssertionError: expected:<[ti, d, re, 422]> but was:<[d, 422, ti, re]>
	at org.junit.Assert.fail(Assert.java:89)
	at org.junit.Assert.failNotEquals(Assert.java:835)
	at org.junit.Assert.assertEquals(Assert.java:120)
	at org.junit.Assert.assertEquals(Assert.java:146)
	at TestListExamples.testMerge(TestListExamples.java:66)

FAILURES!!!
Tests run: 7,  Failures: 2

